<?xml version="1.0" encoding="UTF-8"?>
<!-- Generated by org.testng.reporters.JUnitXMLReporter -->
<testsuite ignored="0" hostname="US-5CG9024YKL" failures="0" tests="4" name="Default test" time="25.356" errors="0" timestamp="2022-08-28T23:40:39 EET">
  <testcase classname="testCase.Scenario1" name="SearchByKey" time="6.073"/>
  <testcase classname="testCase.Scenario1" name="firstElementsSelection" time="6.851"/>
  <testcase classname="testCase.Scenario1" name="ClicOnAddToCrdButton" time="3.436"/>
  <testcase classname="testCase.Scenario1" name="assertAddedProdctMessage" time="0.09"/>
</testsuite> <!-- Default test -->
