<?xml version="1.0" encoding="UTF-8"?>
<testng-results ignored="0" total="4" passed="4" failed="0" skipped="0">
  <reporter-output>
  </reporter-output>
  <suite started-at="2022-08-28T23:40:14 EET" name="Default suite" finished-at="2022-08-28T23:40:39 EET" duration-ms="25356">
    <groups>
    </groups>
    <test started-at="2022-08-28T23:40:14 EET" name="Default test" finished-at="2022-08-28T23:40:39 EET" duration-ms="25356">
      <class name="testCase.Scenario1">
        <test-method is-config="true" signature="intalizeClassesObject()[pri:0, instance:testCase.Scenario1@121314f7]" started-at="2022-08-28T23:40:14 EET" name="intalizeClassesObject" finished-at="2022-08-28T23:40:14 EET" duration-ms="70" status="PASS">
          <reporter-output>
          </reporter-output>
        </test-method> <!-- intalizeClassesObject -->
        <test-method is-config="true" signature="launchBrowser()[pri:0, instance:testCase.Scenario1@121314f7]" started-at="2022-08-28T23:40:14 EET" name="launchBrowser" finished-at="2022-08-28T23:40:23 EET" duration-ms="8760" status="PASS">
          <reporter-output>
          </reporter-output>
        </test-method> <!-- launchBrowser -->
        <test-method signature="SearchByKey()[pri:1, instance:testCase.Scenario1@121314f7]" started-at="2022-08-28T23:40:23 EET" name="SearchByKey" finished-at="2022-08-28T23:40:29 EET" duration-ms="6073" status="PASS">
          <reporter-output>
          </reporter-output>
        </test-method> <!-- SearchByKey -->
        <test-method signature="firstElementsSelection()[pri:2, instance:testCase.Scenario1@121314f7]" started-at="2022-08-28T23:40:29 EET" name="firstElementsSelection" finished-at="2022-08-28T23:40:36 EET" duration-ms="6851" status="PASS">
          <reporter-output>
          </reporter-output>
        </test-method> <!-- firstElementsSelection -->
        <test-method signature="ClicOnAddToCrdButton()[pri:3, instance:testCase.Scenario1@121314f7]" started-at="2022-08-28T23:40:36 EET" name="ClicOnAddToCrdButton" finished-at="2022-08-28T23:40:39 EET" duration-ms="3436" status="PASS">
          <reporter-output>
          </reporter-output>
        </test-method> <!-- ClicOnAddToCrdButton -->
        <test-method signature="assertAddedProdctMessage()[pri:4, instance:testCase.Scenario1@121314f7]" started-at="2022-08-28T23:40:39 EET" name="assertAddedProdctMessage" finished-at="2022-08-28T23:40:39 EET" duration-ms="90" status="PASS">
          <reporter-output>
          </reporter-output>
        </test-method> <!-- assertAddedProdctMessage -->
      </class> <!-- testCase.Scenario1 -->
    </test> <!-- Default test -->
  </suite> <!-- Default suite -->
</testng-results>
