<?xml version="1.0" encoding="UTF-8"?>
<!-- Generated by org.testng.reporters.JUnitXMLReporter -->
<testsuite ignored="2" hostname="US-5CG9024YKL" failures="4" tests="4" name="amazonTest" time="7.504" errors="0" timestamp="2022-08-27T23:32:29 EET">
  <testcase classname="testCase.Scenario1" name="SearchByKey" time="0.005">
    <failure type="java.lang.NullPointerException" message="Cannot invoke &amp;quot;org.openqa.selenium.WebDriver.findElement(org.openqa.selenium.By)&amp;quot; because &amp;quot;this.driver&amp;quot; is null">
      <![CDATA[java.lang.NullPointerException: Cannot invoke "org.openqa.selenium.WebDriver.findElement(org.openqa.selenium.By)" because "this.driver" is null
at pages.AmazonHomePage.enterSearchKeyWord(AmazonHomePage.java:19)
at testCase.Scenario1.SearchByKey(Scenario1.java:26)
at java.base/java.util.ArrayList.forEach(ArrayList.java:1511)
... Removed 27 stack frames]]>
    </failure>
  </testcase> <!-- SearchByKey -->
  <testcase classname="testCase.Scenario1" name="firstElementsSelection" time="0.001">
    <failure type="java.lang.NullPointerException" message="Cannot invoke &amp;quot;org.openqa.selenium.WebDriver.findElements(org.openqa.selenium.By)&amp;quot; because &amp;quot;this.driver&amp;quot; is null">
      <![CDATA[java.lang.NullPointerException: Cannot invoke "org.openqa.selenium.WebDriver.findElements(org.openqa.selenium.By)" because "this.driver" is null
at pages.ItemsScreen.selectFirstElement(ItemsScreen.java:19)
at testCase.Scenario1.firstElementsSelection(Scenario1.java:39)
at java.base/java.util.ArrayList.forEach(ArrayList.java:1511)
... Removed 27 stack frames]]>
    </failure>
  </testcase> <!-- firstElementsSelection -->
  <testcase classname="testCase.Scenario1" name="ClicOnAddToCrdButton" time="0.002">
    <failure type="java.lang.NullPointerException" message="Cannot invoke &amp;quot;org.openqa.selenium.WebDriver.findElement(org.openqa.selenium.By)&amp;quot; because &amp;quot;this.driver&amp;quot; is null">
      <![CDATA[java.lang.NullPointerException: Cannot invoke "org.openqa.selenium.WebDriver.findElement(org.openqa.selenium.By)" because "this.driver" is null
at pages.ProductDetails.ClickOnAddToCard(ProductDetails.java:21)
at testCase.Scenario1.ClicOnAddToCrdButton(Scenario1.java:50)
at java.base/java.util.ArrayList.forEach(ArrayList.java:1511)
... Removed 27 stack frames]]>
    </failure>
  </testcase> <!-- ClicOnAddToCrdButton -->
  <testcase classname="testCase.Scenario1" name="assertAddedProdctMessage" time="0.0">
    <failure type="java.lang.NullPointerException" message="Cannot invoke &amp;quot;org.openqa.selenium.WebDriver.findElement(org.openqa.selenium.By)&amp;quot; because &amp;quot;this.driver&amp;quot; is null">
      <![CDATA[java.lang.NullPointerException: Cannot invoke "org.openqa.selenium.WebDriver.findElement(org.openqa.selenium.By)" because "this.driver" is null
at pages.CardDetails.assertion(CardDetails.java:18)
at testCase.Scenario1.assertAddedProdctMessage(Scenario1.java:56)
at java.base/java.util.ArrayList.forEach(ArrayList.java:1511)
... Removed 27 stack frames]]>
    </failure>
  </testcase> <!-- assertAddedProdctMessage -->
  <testcase classname="TestBase.TestBase" name="@BeforeTest launchBrowser" time="0.0">
    <ignored/>
  </testcase> <!-- @BeforeTest launchBrowser -->
  <testcase classname="TestBase.TestBase" name="@BeforeTest intalizeClassesObject" time="0.0">
    <ignored/>
  </testcase> <!-- @BeforeTest intalizeClassesObject -->
</testsuite> <!-- amazonTest -->
